<?xml version="1.0" encoding="UTF-8"?>
<testsuite xmlns:xsi="http://www.w3.org/2001/XMLSchema-instance" xsi:noNamespaceSchemaLocation="https://maven.apache.org/surefire/maven-surefire-plugin/xsd/surefire-test-report-3.0.xsd" version="3.0" name="TestSuite" time="23.729" tests="3" errors="0" skipped="0" failures="0">
  <properties>
[...]
</properties>
  <testcase name="testUserRegistration" classname="com.example.UserManagementTest" time="5.374">
    <system-out><![CDATA[09:32:49.010 [main] INFO  io.github.bonigarcia.wdm.WebDriverManager - Using chromedriver 136.0.7103.113 (resolved driver for Chrome 136)
09:32:49.063 [main] INFO  io.github.bonigarcia.wdm.WebDriverManager - Exporting webdriver.chrome.driver as C:\Users\admin\.cache\selenium\chromedriver\win64\136.0.7103.113\chromedriver.exe
09:32:56.932 [main] INFO  com.example.UserManagementTest - Сборка теста прошла успешно
09:32:56.973 [main] INFO  com.example.UserManagementTest - Начало теста регистрации
09:32:58.404 [main] INFO  com.example.RegistrationPage - Переход на страницу регистрации
09:33:00.105 [main] INFO  com.example.RegistrationPage - Введеный email: ya8830@example.com
09:33:00.445 [main] INFO  com.example.RegistrationPage - Введено имя: User и фамилия: Test
09:33:00.684 [main] INFO  com.example.RegistrationPage - Введеный пароль
09:33:02.218 [main] INFO  com.example.RegistrationPage - Форма регистрации отправлена
09:33:02.328 [main] INFO  com.example.WelcomePage - Получить сообщение о успешном переходе на личный профиль: Welcome to your account. Here you can manage all of your personal information and orders.
09:33:02.338 [main] INFO  com.example.UserManagementTest - Тест регистрации прошел успешно
]]></system-out>
    <system-err><![CDATA[мая 31, 2025 9:32:51 AM org.openqa.selenium.devtools.CdpVersionFinder findNearestMatch
WARNING: Unable to find CDP implementation matching 136
мая 31, 2025 9:32:51 AM org.openqa.selenium.chromium.ChromiumDriver lambda$new$5
WARNING: Unable to find version of CDP to use for 136.0.7103.116. You may need to include a dependency on a specific version of the CDP using something similar to `org.seleniumhq.selenium:selenium-devtools-v86:4.18.1` where the version ("v86") matches the version of the chromium-based browser you're using and the version number of the artifact is the same as Selenium's.
]]></system-err>
  </testcase>
  <testcase name="testProfileUpdate" classname="com.example.UserManagementTest" time="2.482">
    <system-out><![CDATA[09:33:02.357 [main] INFO  com.example.UserManagementTest - Начало теста по редактированию профилю
09:33:03.070 [main] INFO  com.example.ProfilePage - Перейти на страницу редактирования профиля
09:33:03.376 [main] INFO  com.example.ProfilePage - Обновленный никнейм: NewUser
09:33:03.937 [main] INFO  com.example.ProfilePage - Обновлён пароль
09:33:04.743 [main] INFO  com.example.ProfilePage - Изменения профился сохранились успешно
09:33:04.846 [main] INFO  com.example.UserManagementTest - Тест обновления профиля прошла успешно
]]></system-out>
  </testcase>
  <testcase name="testLogoutAndReLogin" classname="com.example.UserManagementTest" time="3.836">
    <system-out><![CDATA[09:33:04.851 [main] INFO  com.example.UserManagementTest - Тест выхода и релогина
09:33:05.989 [main] INFO  com.example.ProfilePage - Выход
09:33:06.709 [main] INFO  com.example.LoginPage - Перейти на страницу логина
09:33:07.033 [main] INFO  com.example.LoginPage - Введенный email: ya8830@example.com
09:33:07.448 [main] INFO  com.example.LoginPage - Введеный пароль
09:33:08.665 [main] INFO  com.example.LoginPage - Отправлена форма для логина
09:33:08.685 [main] INFO  com.example.UserManagementTest - Тест выхода и релогина прошла успешно
]]></system-out>
  </testcase>
</testsuite>